[ 12-07-13 12:22:02 ]

错误信息：[ App public overview ]无法加载模块public
错误页面：/index.php
错误类型：ThinkException
错误跟踪：
[12-07-13 12:22:07] /home/jaccar/public_html/jaccar.net/App/Temp/~runtime.php (7) App->exec()
[12-07-13 12:22:07] /home/jaccar/public_html/jaccar.net/index.php (18) App->run()

[ 12-07-13 12:22:03 ]

错误信息：[ App public version ]无法加载模块public
错误页面：/index.php
错误类型：ThinkException
错误跟踪：
[12-07-13 12:22:07] /home/jaccar/public_html/jaccar.net/App/Temp/~runtime.php (7) App->exec()
[12-07-13 12:22:07] /home/jaccar/public_html/jaccar.net/index.php (18) App->run()

[ 12-07-13 12:22:03 ]

错误信息：[ App public director ]无法加载模块public
错误页面：/index.php
错误类型：ThinkException
错误跟踪：
[12-07-13 12:22:07] /home/jaccar/public_html/jaccar.net/App/Temp/~runtime.php (7) App->exec()
[12-07-13 12:22:07] /home/jaccar/public_html/jaccar.net/index.php (18) App->run()

[ 12-07-13 12:22:04 ]

错误信息：[ App public strategy ]无法加载模块public
错误页面：/index.php
错误类型：ThinkException
错误跟踪：
[12-07-13 12:22:07] /home/jaccar/public_html/jaccar.net/App/Temp/~runtime.php (7) App->exec()
[12-07-13 12:22:07] /home/jaccar/public_html/jaccar.net/index.php (18) App->run()

[ 12-07-13 12:22:04 ]

错误信息：[ App public key ]无法加载模块public
错误页面：/index.php
错误类型：ThinkException
错误跟踪：
[12-07-13 12:22:07] /home/jaccar/public_html/jaccar.net/App/Temp/~runtime.php (7) App->exec()
[12-07-13 12:22:07] /home/jaccar/public_html/jaccar.net/index.php (18) App->run()

[ 12-07-13 12:22:05 ]

错误信息：[ App public affiliates ]无法加载模块public
错误页面：/index.php
错误类型：ThinkException
错误跟踪：
[12-07-13 12:22:07] /home/jaccar/public_html/jaccar.net/App/Temp/~runtime.php (7) App->exec()
[12-07-13 12:22:07] /home/jaccar/public_html/jaccar.net/index.php (18) App->run()

[ 12-07-13 12:22:05 ]

错误信息：[ App article jaccar_news ]无法加载模块article
错误页面：/index.php
错误类型：ThinkException
错误跟踪：
[12-07-13 12:22:07] /home/jaccar/public_html/jaccar.net/App/Temp/~runtime.php (7) App->exec()
[12-07-13 12:22:07] /home/jaccar/public_html/jaccar.net/index.php (18) App->run()

[ 12-07-13 12:22:06 ]

错误信息：[ App article press_release ]无法加载模块article
错误页面：/index.php
错误类型：ThinkException
错误跟踪：
[12-07-13 12:22:07] /home/jaccar/public_html/jaccar.net/App/Temp/~runtime.php (7) App->exec()
[12-07-13 12:22:07] /home/jaccar/public_html/jaccar.net/index.php (18) App->run()

[ 12-07-13 12:22:06 ]

错误信息：[ App article affiliates_news ]无法加载模块article
错误页面：/index.php
错误类型：ThinkException
错误跟踪：
[12-07-13 12:22:07] /home/jaccar/public_html/jaccar.net/App/Temp/~runtime.php (7) App->exec()
[12-07-13 12:22:07] /home/jaccar/public_html/jaccar.net/index.php (18) App->run()

[ 12-07-13 12:22:07 ]

错误信息：[ App public story ]无法加载模块public
错误页面：/index.php
错误类型：ThinkException
错误跟踪：
[12-07-13 12:22:07] /home/jaccar/public_html/jaccar.net/App/Temp/~runtime.php (7) App->exec()
[12-07-13 12:22:07] /home/jaccar/public_html/jaccar.net/index.php (18) App->run()

[ 12-07-13 12:22:07 ]

错误信息：[ App public points_view ]无法加载模块public
错误页面：/index.php
错误类型：ThinkException
错误跟踪：
[12-07-13 12:22:07] /home/jaccar/public_html/jaccar.net/App/Temp/~runtime.php (7) App->exec()
[12-07-13 12:22:07] /home/jaccar/public_html/jaccar.net/index.php (18) App->run()

[ 12-07-13 12:22:08 ]

错误信息：[ App index index ]无法加载模块index
错误页面：/index.php
错误类型：ThinkException
错误跟踪：
[12-07-13 12:22:07] /home/jaccar/public_html/jaccar.net/App/Temp/~runtime.php (7) App->exec()
[12-07-13 12:22:07] /home/jaccar/public_html/jaccar.net/index.php (18) App->run()

[ 12-07-13 12:22:08 ]

错误信息：[ App article lastest_news ]无法加载模块article
错误页面：/index.php
错误类型：ThinkException
错误跟踪：
[12-07-13 12:22:07] /home/jaccar/public_html/jaccar.net/App/Temp/~runtime.php (7) App->exec()
[12-07-13 12:22:07] /home/jaccar/public_html/jaccar.net/index.php (18) App->run()

[ 12-07-13 12:22:10 ]

错误信息：[ App article press_release_detail ]无法加载模块article
错误页面：/index.php
错误类型：ThinkException
错误跟踪：
[12-07-13 12:22:07] /home/jaccar/public_html/jaccar.net/App/Temp/~runtime.php (7) App->exec()
[12-07-13 12:22:07] /home/jaccar/public_html/jaccar.net/index.php (18) App->run()

[ 12-07-13 12:22:11 ]

错误信息：[ App index search ]无法加载模块index
错误页面：/index.php
错误类型：ThinkException
错误跟踪：
[12-07-13 12:22:07] /home/jaccar/public_html/jaccar.net/App/Temp/~runtime.php (7) App->exec()
[12-07-13 12:22:07] /home/jaccar/public_html/jaccar.net/index.php (18) App->run()

[ 12-07-13 12:22:11 ]

错误信息：[ App public ftp ]无法加载模块public
错误页面：/index.php
错误类型：ThinkException
错误跟踪：
[12-07-13 12:22:07] /home/jaccar/public_html/jaccar.net/App/Temp/~runtime.php (7) App->exec()
[12-07-13 12:22:07] /home/jaccar/public_html/jaccar.net/index.php (18) App->run()

[ 12-07-13 12:22:11 ]

错误信息：[ App public map ]无法加载模块public
错误页面：/index.php
错误类型：ThinkException
错误跟踪：
[12-07-13 12:22:07] /home/jaccar/public_html/jaccar.net/App/Temp/~runtime.php (7) App->exec()
[12-07-13 12:22:07] /home/jaccar/public_html/jaccar.net/index.php (18) App->run()

[ 12-07-13 12:22:12 ]

错误信息：[ App public contactus ]无法加载模块public
错误页面：/index.php
错误类型：ThinkException
错误跟踪：
[12-07-13 12:22:07] /home/jaccar/public_html/jaccar.net/App/Temp/~runtime.php (7) App->exec()
[12-07-13 12:22:07] /home/jaccar/public_html/jaccar.net/index.php (18) App->run()

[ 12-07-13 12:22:12 ]

错误信息：[ App public presskit ]无法加载模块public
错误页面：/index.php
错误类型：ThinkException
错误跟踪：
[12-07-13 12:22:07] /home/jaccar/public_html/jaccar.net/App/Temp/~runtime.php (7) App->exec()
[12-07-13 12:22:07] /home/jaccar/public_html/jaccar.net/index.php (18) App->run()

[ 12-07-13 12:22:13 ]

错误信息：[ App public legals ]无法加载模块public
错误页面：/index.php
错误类型：ThinkException
错误跟踪：
[12-07-13 12:22:07] /home/jaccar/public_html/jaccar.net/App/Temp/~runtime.php (7) App->exec()
[12-07-13 12:22:07] /home/jaccar/public_html/jaccar.net/index.php (18) App->run()

[ 12-07-13 12:22:13 ]

错误信息：[ App public index.php ]无法加载模块public
错误页面：/index.php
错误类型：ThinkException
错误跟踪：
[12-07-13 12:22:07] /home/jaccar/public_html/jaccar.net/App/Temp/~runtime.php (7) App->exec()
[12-07-13 12:22:07] /home/jaccar/public_html/jaccar.net/index.php (18) App->run()

[ 12-07-13 12:22:14 ]

错误信息：[ App public javascript:history.back() ]无法加载模块public
错误页面：/index.php
错误类型：ThinkException
错误跟踪：
[12-07-13 12:22:07] /home/jaccar/public_html/jaccar.net/App/Temp/~runtime.php (7) App->exec()
[12-07-13 12:22:07] /home/jaccar/public_html/jaccar.net/index.php (18) App->run()

[ 12-07-13 12:22:14 ]

错误信息：[ App article index.php ]无法加载模块article
错误页面：/index.php
错误类型：ThinkException
错误跟踪：
[12-07-13 12:22:07] /home/jaccar/public_html/jaccar.net/App/Temp/~runtime.php (7) App->exec()
[12-07-13 12:22:07] /home/jaccar/public_html/jaccar.net/index.php (18) App->run()

[ 12-07-13 12:22:15 ]

错误信息：[ App article javascript:history.back() ]无法加载模块article
错误页面：/index.php
错误类型：ThinkException
错误跟踪：
[12-07-13 12:22:07] /home/jaccar/public_html/jaccar.net/App/Temp/~runtime.php (7) App->exec()
[12-07-13 12:22:07] /home/jaccar/public_html/jaccar.net/index.php (18) App->run()

[ 12-07-13 12:22:15 ]

错误信息：[ App index index.php ]无法加载模块index
错误页面：/index.php
错误类型：ThinkException
错误跟踪：
[12-07-13 12:22:07] /home/jaccar/public_html/jaccar.net/App/Temp/~runtime.php (7) App->exec()
[12-07-13 12:22:07] /home/jaccar/public_html/jaccar.net/index.php (18) App->run()

[ 12-07-13 12:22:16 ]

错误信息：[ App index javascript:history.back() ]无法加载模块index
错误页面：/index.php
错误类型：ThinkException
错误跟踪：
[12-07-13 12:22:07] /home/jaccar/public_html/jaccar.net/App/Temp/~runtime.php (7) App->exec()
[12-07-13 12:22:07] /home/jaccar/public_html/jaccar.net/index.php (18) App->run()

[ 12-07-13 12:22:17 ]

错误信息：[ App article press_release_detail ]无法加载模块article
错误页面：/index.php
错误类型：ThinkException
错误跟踪：
[12-07-13 12:22:07] /home/jaccar/public_html/jaccar.net/App/Temp/~runtime.php (7) App->exec()
[12-07-13 12:22:07] /home/jaccar/public_html/jaccar.net/index.php (18) App->run()

[ 12-07-13 12:22:17 ]

错误信息：[ App article press_release_detail ]无法加载模块article
错误页面：/index.php
错误类型：ThinkException
错误跟踪：
[12-07-13 12:22:07] /home/jaccar/public_html/jaccar.net/App/Temp/~runtime.php (7) App->exec()
[12-07-13 12:22:07] /home/jaccar/public_html/jaccar.net/index.php (18) App->run()

[ 12-07-13 15:51:37 ]

错误信息：[ App public key ]无法加载模块public
错误页面：/index.php
错误类型：ThinkException
错误跟踪：
[12-07-13 15:51:07] /home/jaccar/public_html/jaccar.net/App/Temp/~runtime.php (7) App->exec()
[12-07-13 15:51:07] /home/jaccar/public_html/jaccar.net/index.php (18) App->run()

[ 12-07-13 17:15:12 ]

错误信息：[ App public overview ]无法加载模块public
错误页面：/index.php
错误类型：ThinkException
错误跟踪：
[12-07-13 17:15:07] /home/jaccar/public_html/jaccar.net/App/Temp/~runtime.php (7) App->exec()
[12-07-13 17:15:07] /home/jaccar/public_html/jaccar.net/index.php (18) App->run()

[ 12-07-13 17:15:12 ]

错误信息：[ App public director ]无法加载模块public
错误页面：/index.php
错误类型：ThinkException
错误跟踪：
[12-07-13 17:15:07] /home/jaccar/public_html/jaccar.net/App/Temp/~runtime.php (7) App->exec()
[12-07-13 17:15:07] /home/jaccar/public_html/jaccar.net/index.php (18) App->run()

[ 12-07-13 17:15:12 ]

错误信息：[ App public version ]无法加载模块public
错误页面：/index.php
错误类型：ThinkException
错误跟踪：
[12-07-13 17:15:07] /home/jaccar/public_html/jaccar.net/App/Temp/~runtime.php (7) App->exec()
[12-07-13 17:15:07] /home/jaccar/public_html/jaccar.net/index.php (18) App->run()

[ 12-07-13 17:15:13 ]

错误信息：[ App public strategy ]无法加载模块public
错误页面：/index.php
错误类型：ThinkException
错误跟踪：
[12-07-13 17:15:07] /home/jaccar/public_html/jaccar.net/App/Temp/~runtime.php (7) App->exec()
[12-07-13 17:15:07] /home/jaccar/public_html/jaccar.net/index.php (18) App->run()

[ 12-07-13 17:15:13 ]

错误信息：[ App public affiliates ]无法加载模块public
错误页面：/index.php
错误类型：ThinkException
错误跟踪：
[12-07-13 17:15:07] /home/jaccar/public_html/jaccar.net/App/Temp/~runtime.php (7) App->exec()
[12-07-13 17:15:07] /home/jaccar/public_html/jaccar.net/index.php (18) App->run()

[ 12-07-13 17:15:13 ]

错误信息：[ App public key ]无法加载模块public
错误页面：/index.php
错误类型：ThinkException
错误跟踪：
[12-07-13 17:15:07] /home/jaccar/public_html/jaccar.net/App/Temp/~runtime.php (7) App->exec()
[12-07-13 17:15:07] /home/jaccar/public_html/jaccar.net/index.php (18) App->run()

[ 12-07-13 17:15:13 ]

错误信息：[ App article press_release ]无法加载模块article
错误页面：/index.php
错误类型：ThinkException
错误跟踪：
[12-07-13 17:15:07] /home/jaccar/public_html/jaccar.net/App/Temp/~runtime.php (7) App->exec()
[12-07-13 17:15:07] /home/jaccar/public_html/jaccar.net/index.php (18) App->run()

[ 12-07-13 17:15:13 ]

错误信息：[ App article jaccar_news ]无法加载模块article
错误页面：/index.php
错误类型：ThinkException
错误跟踪：
[12-07-13 17:15:07] /home/jaccar/public_html/jaccar.net/App/Temp/~runtime.php (7) App->exec()
[12-07-13 17:15:07] /home/jaccar/public_html/jaccar.net/index.php (18) App->run()

[ 12-07-13 20:38:29 ]

错误信息：[ App public key ]无法加载模块public
错误页面：/index.php
错误类型：ThinkException
错误跟踪：
[12-07-13 20:38:07] /home/jaccar/public_html/jaccar.net/App/Temp/~runtime.php (7) App->exec()
[12-07-13 20:38:07] /home/jaccar/public_html/jaccar.net/index.php (18) App->run()

