[ 12-07-25 01:20:56 ]

错误信息：[ App .. .. ]无法加载模块..
错误页面：/index.php
错误类型：ThinkException
错误跟踪：
[12-07-25 01:20:07] /home/jaccar/public_html/jaccar.net/App/Temp/~runtime.php (7) App->exec()
[12-07-25 01:20:07] /home/jaccar/public_html/jaccar.net/index.php (18) App->run()

[ 12-07-25 10:43:59 ]

错误信息：[ App public affiliates ]无法加载模块public
错误页面：/index.php
错误类型：ThinkException
错误跟踪：
[12-07-25 10:43:07] /home/jaccar/public_html/jaccar.net/App/Temp/~runtime.php (7) App->exec()
[12-07-25 10:43:07] /home/jaccar/public_html/jaccar.net/index.php (18) App->run()

[ 12-07-25 20:49:39 ]

错误信息：[ App Public director.htm ]非法操作director.htm
错误页面：/index.php
错误类型：ThinkException
错误跟踪：
[12-07-25 20:49:07] /home/jaccar/public_html/jaccar.net/App/Temp/~runtime.php (7) Action->__call(director.htm, Array)
[12-07-25 20:49:07] /home/jaccar/public_html/jaccar.net/App/Temp/~runtime.php (7) PublicAction->director.htm()
[12-07-25 20:49:07] /home/jaccar/public_html/jaccar.net/App/Temp/~runtime.php (7) App->exec()
[12-07-25 20:49:07] /home/jaccar/public_html/jaccar.net/index.php (18) App->run()

