[ 12-08-16 02:23:22 ]

错误信息：[ App Public index ]非法操作index
错误页面：/index.php
错误类型：ThinkException
错误跟踪：
[12-08-16 02:23:08] /home/jaccar/public_html/jaccar.net/App/Temp/~runtime.php (7) Action->__call(index, Array)
[12-08-16 02:23:08] /home/jaccar/public_html/jaccar.net/App/Temp/~runtime.php (7) PublicAction->index()
[12-08-16 02:23:08] /home/jaccar/public_html/jaccar.net/App/Temp/~runtime.php (7) App->exec()
[12-08-16 02:23:08] /home/jaccar/public_html/jaccar.net/index.php (18) App->run()

[ 12-08-16 13:34:06 ]

错误信息：[ App Article affiliatesnews2 ]非法操作affiliatesnews2
错误页面：/index.php/Article/affiliatesnews2/cid/161/p/4/
错误类型：ThinkException
错误跟踪：
[12-08-16 13:34:08] /home/jaccar/public_html/jaccar.net/App/Temp/~runtime.php (7) Action->__call(affiliatesnews2, Array)
[12-08-16 13:34:08] /home/jaccar/public_html/jaccar.net/App/Temp/~runtime.php (7) ArticleAction->affiliatesnews2()
[12-08-16 13:34:08] /home/jaccar/public_html/jaccar.net/App/Temp/~runtime.php (7) App->exec()
[12-08-16 13:34:08] /home/jaccar/public_html/jaccar.net/index.php (18) App->run()

[ 12-08-16 14:12:44 ]

错误信息：[ App Article pressreleasedetail ]非法操作pressreleasedetail
错误页面：/index.php
错误类型：ThinkException
错误跟踪：
[12-08-16 14:12:08] /home/jaccar/public_html/jaccar.net/App/Temp/~runtime.php (7) Action->__call(pressreleasedetail, Array)
[12-08-16 14:12:08] /home/jaccar/public_html/jaccar.net/App/Temp/~runtime.php (7) ArticleAction->pressreleasedetail()
[12-08-16 14:12:08] /home/jaccar/public_html/jaccar.net/App/Temp/~runtime.php (7) App->exec()
[12-08-16 14:12:08] /home/jaccar/public_html/jaccar.net/index.php (18) App->run()

[ 12-08-16 14:55:12 ]

错误信息：[ App Article affiliatesnewsdetail ]非法操作affiliatesnewsdetail
错误页面：/index.php
错误类型：ThinkException
错误跟踪：
[12-08-16 14:55:08] /home/jaccar/public_html/jaccar.net/App/Temp/~runtime.php (7) Action->__call(affiliatesnewsdetail, Array)
[12-08-16 14:55:08] /home/jaccar/public_html/jaccar.net/App/Temp/~runtime.php (7) ArticleAction->affiliatesnewsdetail()
[12-08-16 14:55:08] /home/jaccar/public_html/jaccar.net/App/Temp/~runtime.php (7) App->exec()
[12-08-16 14:55:08] /home/jaccar/public_html/jaccar.net/index.php (18) App->run()

