[ 12-05-10 11:01:46 ]

错误信息：[ App Index index ]Access denied for user 'root'@'localhost' (using password: YES)
错误页面：/jaccar/jaccar/index.php
错误类型：ThinkException
错误跟踪：
[12-05-10 11:01:05] E:\xampp\htdocs\jaccar\ThinkPHP\Lib\Think\Db\Db.class.php (267) DbMysql->connect()
[12-05-10 11:01:05] E:\xampp\htdocs\jaccar\ThinkPHP\Lib\Think\Db\Driver\DbMysql.class.php (114) Db->initConnect()
[12-05-10 11:01:05] E:\xampp\htdocs\jaccar\ThinkPHP\Lib\Think\Db\Driver\DbMysql.class.php (355) DbMysql->_query(SHOW COLUMNS FROM thinkcms_settings)
[12-05-10 11:01:05] E:\xampp\htdocs\jaccar\ThinkPHP\Lib\Think\Core\Model.class.php (633) DbMysql->getFields(thinkcms_settings)
[12-05-10 11:01:05] E:\xampp\htdocs\jaccar\ThinkPHP\Lib\Think\Core\Model.class.php (602) Model->flush()
[12-05-10 11:01:05] E:\xampp\htdocs\jaccar\ThinkPHP\Lib\Think\Core\Model.class.php (142) Model->_checkTableInfo()
[12-05-10 11:01:05] E:\xampp\htdocs\jaccar\ThinkPHP\Common\functions.php (833) Model->__construct()
[12-05-10 11:01:05] E:\xampp\htdocs\jaccar\App\Lib\Action\GlobalAction.class.php (13) D(Settings)
[12-05-10 11:01:05] E:\xampp\htdocs\jaccar\ThinkPHP\Lib\Think\Core\Action.class.php (53) GlobalAction->_initialize()
[12-05-10 11:01:05] E:\xampp\htdocs\jaccar\ThinkPHP\Common\functions.php (870) Action->__construct()
[12-05-10 11:01:05] E:\xampp\htdocs\jaccar\ThinkPHP\Lib\Think\Core\App.class.php (550) A(Index)
[12-05-10 11:01:05] E:\xampp\htdocs\jaccar\ThinkPHP\Lib\Think\Core\App.class.php (606) App->exec()
[12-05-10 11:01:05] E:\xampp\htdocs\jaccar\index.php (18) App->run()

[ 12-05-10 11:01:48 ]

错误信息：[ App Index index ]Access denied for user 'root'@'localhost' (using password: YES)
错误页面：/jaccar/jaccar/index.php
错误类型：ThinkException
错误跟踪：
[12-05-10 11:01:05] E:\xampp\htdocs\jaccar\ThinkPHP\Lib\Think\Db\Db.class.php (267) DbMysql->connect()
[12-05-10 11:01:05] E:\xampp\htdocs\jaccar\ThinkPHP\Lib\Think\Db\Driver\DbMysql.class.php (114) Db->initConnect()
[12-05-10 11:01:05] E:\xampp\htdocs\jaccar\ThinkPHP\Lib\Think\Db\Driver\DbMysql.class.php (355) DbMysql->_query(SHOW COLUMNS FROM thinkcms_settings)
[12-05-10 11:01:05] E:\xampp\htdocs\jaccar\App\Temp\~runtime.php (9) DbMysql->getFields(thinkcms_settings)
[12-05-10 11:01:05] E:\xampp\htdocs\jaccar\App\Temp\~runtime.php (9) Model->flush()
[12-05-10 11:01:05] E:\xampp\htdocs\jaccar\App\Temp\~runtime.php (9) Model->_checkTableInfo()
[12-05-10 11:01:05] E:\xampp\htdocs\jaccar\App\Temp\~runtime.php (3) Model->__construct()
[12-05-10 11:01:05] E:\xampp\htdocs\jaccar\App\Lib\Action\GlobalAction.class.php (13) D(Settings)
[12-05-10 11:01:05] E:\xampp\htdocs\jaccar\App\Temp\~runtime.php (8) GlobalAction->_initialize()
[12-05-10 11:01:05] E:\xampp\htdocs\jaccar\App\Temp\~runtime.php (3) Action->__construct()
[12-05-10 11:01:05] E:\xampp\htdocs\jaccar\App\Temp\~runtime.php (7) A(Index)
[12-05-10 11:01:05] E:\xampp\htdocs\jaccar\App\Temp\~runtime.php (7) App->exec()
[12-05-10 11:01:05] E:\xampp\htdocs\jaccar\index.php (18) App->run()

[ 12-05-10 11:02:44 ]

错误信息：[ App Index index ]Access denied for user 'root'@'localhost' (using password: YES)
错误页面：/jaccar/jaccar/index.php
错误类型：ThinkException
错误跟踪：
[12-05-10 11:02:05] E:\xampp\htdocs\jaccar\ThinkPHP\Lib\Think\Db\Db.class.php (267) DbMysql->connect()
[12-05-10 11:02:05] E:\xampp\htdocs\jaccar\ThinkPHP\Lib\Think\Db\Driver\DbMysql.class.php (114) Db->initConnect()
[12-05-10 11:02:05] E:\xampp\htdocs\jaccar\ThinkPHP\Lib\Think\Db\Driver\DbMysql.class.php (355) DbMysql->_query(SHOW COLUMNS FROM thinkcms_settings)
[12-05-10 11:02:05] E:\xampp\htdocs\jaccar\ThinkPHP\Lib\Think\Core\Model.class.php (633) DbMysql->getFields(thinkcms_settings)
[12-05-10 11:02:05] E:\xampp\htdocs\jaccar\ThinkPHP\Lib\Think\Core\Model.class.php (602) Model->flush()
[12-05-10 11:02:05] E:\xampp\htdocs\jaccar\ThinkPHP\Lib\Think\Core\Model.class.php (142) Model->_checkTableInfo()
[12-05-10 11:02:05] E:\xampp\htdocs\jaccar\ThinkPHP\Common\functions.php (833) Model->__construct()
[12-05-10 11:02:05] E:\xampp\htdocs\jaccar\App\Lib\Action\GlobalAction.class.php (13) D(Settings)
[12-05-10 11:02:05] E:\xampp\htdocs\jaccar\ThinkPHP\Lib\Think\Core\Action.class.php (53) GlobalAction->_initialize()
[12-05-10 11:02:05] E:\xampp\htdocs\jaccar\ThinkPHP\Common\functions.php (870) Action->__construct()
[12-05-10 11:02:05] E:\xampp\htdocs\jaccar\ThinkPHP\Lib\Think\Core\App.class.php (550) A(Index)
[12-05-10 11:02:05] E:\xampp\htdocs\jaccar\ThinkPHP\Lib\Think\Core\App.class.php (606) App->exec()
[12-05-10 11:02:05] E:\xampp\htdocs\jaccar\index.php (18) App->run()

[ 12-05-10 11:02:47 ]

错误信息：[ App Index index ]Access denied for user 'root'@'localhost' (using password: YES)
错误页面：/jaccar/jaccar/index.php
错误类型：ThinkException
错误跟踪：
[12-05-10 11:02:05] E:\xampp\htdocs\jaccar\ThinkPHP\Lib\Think\Db\Db.class.php (267) DbMysql->connect()
[12-05-10 11:02:05] E:\xampp\htdocs\jaccar\ThinkPHP\Lib\Think\Db\Driver\DbMysql.class.php (114) Db->initConnect()
[12-05-10 11:02:05] E:\xampp\htdocs\jaccar\ThinkPHP\Lib\Think\Db\Driver\DbMysql.class.php (355) DbMysql->_query(SHOW COLUMNS FROM thinkcms_settings)
[12-05-10 11:02:05] E:\xampp\htdocs\jaccar\App\Temp\~runtime.php (9) DbMysql->getFields(thinkcms_settings)
[12-05-10 11:02:05] E:\xampp\htdocs\jaccar\App\Temp\~runtime.php (9) Model->flush()
[12-05-10 11:02:05] E:\xampp\htdocs\jaccar\App\Temp\~runtime.php (9) Model->_checkTableInfo()
[12-05-10 11:02:05] E:\xampp\htdocs\jaccar\App\Temp\~runtime.php (3) Model->__construct()
[12-05-10 11:02:05] E:\xampp\htdocs\jaccar\App\Lib\Action\GlobalAction.class.php (13) D(Settings)
[12-05-10 11:02:05] E:\xampp\htdocs\jaccar\App\Temp\~runtime.php (8) GlobalAction->_initialize()
[12-05-10 11:02:05] E:\xampp\htdocs\jaccar\App\Temp\~runtime.php (3) Action->__construct()
[12-05-10 11:02:05] E:\xampp\htdocs\jaccar\App\Temp\~runtime.php (7) A(Index)
[12-05-10 11:02:05] E:\xampp\htdocs\jaccar\App\Temp\~runtime.php (7) App->exec()
[12-05-10 11:02:05] E:\xampp\htdocs\jaccar\index.php (18) App->run()

