[ 12-06-29 13:10:13 ]

错误信息：[ App checkLogin index ]无法加载模块checkLogin
错误页面：/index.php/checkLogin
错误类型：ThinkException
错误跟踪：
[12-06-29 13:10:06] /home/jaccar/public_html/jaccar.net/App/Temp/~runtime.php (7) App->exec()
[12-06-29 13:10:06] /home/jaccar/public_html/jaccar.net/index.php (18) App->run()

[ 12-06-29 13:17:01 ]

错误信息：[ App checkLogin index ]无法加载模块checkLogin
错误页面：/index.php/checkLogin
错误类型：ThinkException
错误跟踪：
[12-06-29 13:17:06] /home/jaccar/public_html/jaccar.net/App/Temp/~runtime.php (7) App->exec()
[12-06-29 13:17:06] /home/jaccar/public_html/jaccar.net/index.php (18) App->run()

[ 12-06-29 13:17:25 ]

错误信息：[ App checkLogin index ]无法加载模块checkLogin
错误页面：/index.php/checkLogin
错误类型：ThinkException
错误跟踪：
[12-06-29 13:17:06] /home/jaccar/public_html/jaccar.net/App/Temp/~runtime.php (7) App->exec()
[12-06-29 13:17:06] /home/jaccar/public_html/jaccar.net/index.php (18) App->run()

[ 12-06-29 14:53:54 ]

错误信息：[ App public key ]无法加载模块public
错误页面：/index.php
错误类型：ThinkException
错误跟踪：
[12-06-29 14:53:06] /home/jaccar/public_html/jaccar.net/App/Temp/~runtime.php (7) App->exec()
[12-06-29 14:53:06] /home/jaccar/public_html/jaccar.net/index.php (18) App->run()

[ 12-06-29 16:41:11 ]

错误信息：[ App checkLogin index ]无法加载模块checkLogin
错误页面：/index.php/checkLogin
错误类型：ThinkException
错误跟踪：
[12-06-29 16:41:06] /home/jaccar/public_html/jaccar.net/App/Temp/~runtime.php (7) App->exec()
[12-06-29 16:41:06] /home/jaccar/public_html/jaccar.net/index.php (18) App->run()

[ 12-06-29 16:41:25 ]

错误信息：[ App checkLogin index ]无法加载模块checkLogin
错误页面：/index.php/checkLogin
错误类型：ThinkException
错误跟踪：
[12-06-29 16:41:06] /home/jaccar/public_html/jaccar.net/App/Temp/~runtime.php (7) App->exec()
[12-06-29 16:41:06] /home/jaccar/public_html/jaccar.net/index.php (18) App->run()

[ 12-06-29 16:41:27 ]

错误信息：[ App checkLogin index ]无法加载模块checkLogin
错误页面：/index.php/checkLogin
错误类型：ThinkException
错误跟踪：
[12-06-29 16:41:06] /home/jaccar/public_html/jaccar.net/App/Temp/~runtime.php (7) App->exec()
[12-06-29 16:41:06] /home/jaccar/public_html/jaccar.net/index.php (18) App->run()

[ 12-06-29 16:47:32 ]

错误信息：[ App Public checkLogin ]模板不存在[./App/Tpl/default/Public/success.html]
错误页面：/index.php/Public/checkLogin
错误类型：ThinkException
错误跟踪：
[12-06-29 16:47:06] /home/jaccar/public_html/jaccar.net/App/Temp/~runtime.php (10) View->fetch(Public:success, , text/html, , 1)
[12-06-29 16:47:06] /home/jaccar/public_html/jaccar.net/App/Temp/~runtime.php (8) View->display(Public:success, , text/html, )
[12-06-29 16:47:06] /home/jaccar/public_html/jaccar.net/App/Temp/~runtime.php (8) Action->display(Public:success)
[12-06-29 16:47:06] /home/jaccar/public_html/jaccar.net/App/Temp/~runtime.php (8) Action->_dispatch_jump()
[12-06-29 16:47:06] /home/jaccar/public_html/jaccar.net/App/Temp/~runtime.php (8) Action->forward()
[12-06-29 16:47:06] /home/jaccar/public_html/jaccar.net/App/Lib/Action/PublicAction.class.php (151) Action->error(username is empty!!!)
[12-06-29 16:47:06] /home/jaccar/public_html/jaccar.net/App/Temp/~runtime.php (7) PublicAction->checkLogin()
[12-06-29 16:47:06] /home/jaccar/public_html/jaccar.net/App/Temp/~runtime.php (7) App->exec()
[12-06-29 16:47:06] /home/jaccar/public_html/jaccar.net/index.php (18) App->run()

[ 12-06-29 18:20:50 ]

错误信息：[ App Public index ]非法操作index
错误页面：/index.php
错误类型：ThinkException
错误跟踪：
[12-06-29 18:20:06] /home/jaccar/public_html/jaccar.net/App/Temp/~runtime.php (7) Action->__call(index, Array)
[12-06-29 18:20:06] /home/jaccar/public_html/jaccar.net/App/Temp/~runtime.php (7) PublicAction->index()
[12-06-29 18:20:06] /home/jaccar/public_html/jaccar.net/App/Temp/~runtime.php (7) App->exec()
[12-06-29 18:20:06] /home/jaccar/public_html/jaccar.net/index.php (18) App->run()

[ 12-06-29 20:19:38 ]

错误信息：[ App public story ]无法加载模块public
错误页面：/index.php
错误类型：ThinkException
错误跟踪：
[12-06-29 20:19:06] /home/jaccar/public_html/jaccar.net/App/Temp/~runtime.php (7) App->exec()
[12-06-29 20:19:06] /home/jaccar/public_html/jaccar.net/index.php (18) App->run()

