[ 12-06-28 15:06:31 ]

错误信息：[ App public ftp ]无法加载模块public
错误页面：/index.php
错误类型：ThinkException
错误跟踪：
[12-06-28 15:06:06] /home/jaccar/public_html/jaccar.net/App/Temp/~runtime.php (7) App->exec()
[12-06-28 15:06:06] /home/jaccar/public_html/jaccar.net/index.php (18) App->run()

[ 12-06-28 17:20:13 ]

错误信息：[ App public overview ]无法加载模块public
错误页面：/index.php
错误类型：ThinkException
错误跟踪：
[12-06-28 17:20:06] /home/jaccar/public_html/jaccar.net/App/Temp/~runtime.php (7) App->exec()
[12-06-28 17:20:06] /home/jaccar/public_html/jaccar.net/index.php (18) App->run()

[ 12-06-28 17:20:14 ]

错误信息：[ App public version ]无法加载模块public
错误页面：/index.php
错误类型：ThinkException
错误跟踪：
[12-06-28 17:20:06] /home/jaccar/public_html/jaccar.net/App/Temp/~runtime.php (7) App->exec()
[12-06-28 17:20:06] /home/jaccar/public_html/jaccar.net/index.php (18) App->run()

[ 12-06-28 17:20:14 ]

错误信息：[ App public director ]无法加载模块public
错误页面：/index.php
错误类型：ThinkException
错误跟踪：
[12-06-28 17:20:06] /home/jaccar/public_html/jaccar.net/App/Temp/~runtime.php (7) App->exec()
[12-06-28 17:20:06] /home/jaccar/public_html/jaccar.net/index.php (18) App->run()

[ 12-06-28 17:20:15 ]

错误信息：[ App public strategy ]无法加载模块public
错误页面：/index.php
错误类型：ThinkException
错误跟踪：
[12-06-28 17:20:06] /home/jaccar/public_html/jaccar.net/App/Temp/~runtime.php (7) App->exec()
[12-06-28 17:20:06] /home/jaccar/public_html/jaccar.net/index.php (18) App->run()

[ 12-06-28 17:20:15 ]

错误信息：[ App public key ]无法加载模块public
错误页面：/index.php
错误类型：ThinkException
错误跟踪：
[12-06-28 17:20:06] /home/jaccar/public_html/jaccar.net/App/Temp/~runtime.php (7) App->exec()
[12-06-28 17:20:06] /home/jaccar/public_html/jaccar.net/index.php (18) App->run()

[ 12-06-28 17:20:15 ]

错误信息：[ App public affiliates ]无法加载模块public
错误页面：/index.php
错误类型：ThinkException
错误跟踪：
[12-06-28 17:20:06] /home/jaccar/public_html/jaccar.net/App/Temp/~runtime.php (7) App->exec()
[12-06-28 17:20:06] /home/jaccar/public_html/jaccar.net/index.php (18) App->run()

[ 12-06-28 17:20:15 ]

错误信息：[ App article jaccar_news ]无法加载模块article
错误页面：/index.php
错误类型：ThinkException
错误跟踪：
[12-06-28 17:20:06] /home/jaccar/public_html/jaccar.net/App/Temp/~runtime.php (7) App->exec()
[12-06-28 17:20:06] /home/jaccar/public_html/jaccar.net/index.php (18) App->run()

[ 12-06-28 17:20:16 ]

错误信息：[ App article press_release ]无法加载模块article
错误页面：/index.php
错误类型：ThinkException
错误跟踪：
[12-06-28 17:20:06] /home/jaccar/public_html/jaccar.net/App/Temp/~runtime.php (7) App->exec()
[12-06-28 17:20:06] /home/jaccar/public_html/jaccar.net/index.php (18) App->run()

[ 12-06-28 17:20:16 ]

错误信息：[ App article affiliates_news ]无法加载模块article
错误页面：/index.php
错误类型：ThinkException
错误跟踪：
[12-06-28 17:20:06] /home/jaccar/public_html/jaccar.net/App/Temp/~runtime.php (7) App->exec()
[12-06-28 17:20:06] /home/jaccar/public_html/jaccar.net/index.php (18) App->run()

[ 12-06-28 17:20:16 ]

错误信息：[ App public story ]无法加载模块public
错误页面：/index.php
错误类型：ThinkException
错误跟踪：
[12-06-28 17:20:06] /home/jaccar/public_html/jaccar.net/App/Temp/~runtime.php (7) App->exec()
[12-06-28 17:20:06] /home/jaccar/public_html/jaccar.net/index.php (18) App->run()

[ 12-06-28 17:20:16 ]

错误信息：[ App public points_view ]无法加载模块public
错误页面：/index.php
错误类型：ThinkException
错误跟踪：
[12-06-28 17:20:06] /home/jaccar/public_html/jaccar.net/App/Temp/~runtime.php (7) App->exec()
[12-06-28 17:20:06] /home/jaccar/public_html/jaccar.net/index.php (18) App->run()

[ 12-06-28 17:20:17 ]

错误信息：[ App index index ]无法加载模块index
错误页面：/index.php
错误类型：ThinkException
错误跟踪：
[12-06-28 17:20:06] /home/jaccar/public_html/jaccar.net/App/Temp/~runtime.php (7) App->exec()
[12-06-28 17:20:06] /home/jaccar/public_html/jaccar.net/index.php (18) App->run()

[ 12-06-28 17:20:17 ]

错误信息：[ App article lastest_news ]无法加载模块article
错误页面：/index.php
错误类型：ThinkException
错误跟踪：
[12-06-28 17:20:06] /home/jaccar/public_html/jaccar.net/App/Temp/~runtime.php (7) App->exec()
[12-06-28 17:20:06] /home/jaccar/public_html/jaccar.net/index.php (18) App->run()

[ 12-06-28 17:20:17 ]

错误信息：[ App index search ]无法加载模块index
错误页面：/index.php
错误类型：ThinkException
错误跟踪：
[12-06-28 17:20:06] /home/jaccar/public_html/jaccar.net/App/Temp/~runtime.php (7) App->exec()
[12-06-28 17:20:06] /home/jaccar/public_html/jaccar.net/index.php (18) App->run()

[ 12-06-28 17:20:17 ]

错误信息：[ App public ftp ]无法加载模块public
错误页面：/index.php
错误类型：ThinkException
错误跟踪：
[12-06-28 17:20:06] /home/jaccar/public_html/jaccar.net/App/Temp/~runtime.php (7) App->exec()
[12-06-28 17:20:06] /home/jaccar/public_html/jaccar.net/index.php (18) App->run()

[ 12-06-28 17:20:18 ]

错误信息：[ App public map ]无法加载模块public
错误页面：/index.php
错误类型：ThinkException
错误跟踪：
[12-06-28 17:20:06] /home/jaccar/public_html/jaccar.net/App/Temp/~runtime.php (7) App->exec()
[12-06-28 17:20:06] /home/jaccar/public_html/jaccar.net/index.php (18) App->run()

[ 12-06-28 17:20:18 ]

错误信息：[ App public contactus ]无法加载模块public
错误页面：/index.php
错误类型：ThinkException
错误跟踪：
[12-06-28 17:20:06] /home/jaccar/public_html/jaccar.net/App/Temp/~runtime.php (7) App->exec()
[12-06-28 17:20:06] /home/jaccar/public_html/jaccar.net/index.php (18) App->run()

[ 12-06-28 17:20:18 ]

错误信息：[ App public presskit ]无法加载模块public
错误页面：/index.php
错误类型：ThinkException
错误跟踪：
[12-06-28 17:20:06] /home/jaccar/public_html/jaccar.net/App/Temp/~runtime.php (7) App->exec()
[12-06-28 17:20:06] /home/jaccar/public_html/jaccar.net/index.php (18) App->run()

[ 12-06-28 17:20:18 ]

错误信息：[ App public legals ]无法加载模块public
错误页面：/index.php
错误类型：ThinkException
错误跟踪：
[12-06-28 17:20:06] /home/jaccar/public_html/jaccar.net/App/Temp/~runtime.php (7) App->exec()
[12-06-28 17:20:06] /home/jaccar/public_html/jaccar.net/index.php (18) App->run()

[ 12-06-28 17:23:08 ]

错误信息：[ App public javascript:history.back() ]无法加载模块public
错误页面：/index.php
错误类型：ThinkException
错误跟踪：
[12-06-28 17:23:06] /home/jaccar/public_html/jaccar.net/App/Temp/~runtime.php (7) App->exec()
[12-06-28 17:23:06] /home/jaccar/public_html/jaccar.net/index.php (18) App->run()

[ 12-06-28 17:23:08 ]

错误信息：[ App article javascript:history.back() ]无法加载模块article
错误页面：/index.php
错误类型：ThinkException
错误跟踪：
[12-06-28 17:23:06] /home/jaccar/public_html/jaccar.net/App/Temp/~runtime.php (7) App->exec()
[12-06-28 17:23:06] /home/jaccar/public_html/jaccar.net/index.php (18) App->run()

[ 12-06-28 17:23:08 ]

错误信息：[ App index javascript:history.back() ]无法加载模块index
错误页面：/index.php
错误类型：ThinkException
错误跟踪：
[12-06-28 17:23:06] /home/jaccar/public_html/jaccar.net/App/Temp/~runtime.php (7) App->exec()
[12-06-28 17:23:06] /home/jaccar/public_html/jaccar.net/index.php (18) App->run()

