[ 12-07-18 14:44:54 ]

错误信息：[ App public story ]无法加载模块public
错误页面：/index.php
错误类型：ThinkException
错误跟踪：
[12-07-18 14:44:07] /home/jaccar/public_html/jaccar.net/App/Temp/~runtime.php (7) App->exec()
[12-07-18 14:44:07] /home/jaccar/public_html/jaccar.net/index.php (18) App->run()

[ 12-07-18 19:29:38 ]

错误信息：[ App public ftp ]无法加载模块public
错误页面：/index.php
错误类型：ThinkException
错误跟踪：
[12-07-18 19:29:07] /home/jaccar/public_html/jaccar.net/App/Temp/~runtime.php (7) App->exec()
[12-07-18 19:29:07] /home/jaccar/public_html/jaccar.net/index.php (18) App->run()

[ 12-07-18 22:56:14 ]

错误信息：[ App public story ]无法加载模块public
错误页面：/index.php
错误类型：ThinkException
错误跟踪：
[12-07-18 22:56:07] /home/jaccar/public_html/jaccar.net/App/Temp/~runtime.php (7) App->exec()
[12-07-18 22:56:07] /home/jaccar/public_html/jaccar.net/index.php (18) App->run()

