[ 11-05-28 19:38:38 ]

错误信息：[ Admin Public checkLogin ]Access denied for user 'root'@'localhost' (using password: YES)
错误页面：/thinkCms/thinkCms/admin.php
错误类型：ThinkException
错误跟踪：
[11-05-28 19:38:05] D:\web\liuyang\wwwroot\thinkCms\ThinkPHP\Lib\Think\Db\Db.class.php (267) DbMysql->connect(Access denied for user 'root'@'localhost' (using password: YES))
[11-05-28 19:38:05] D:\web\liuyang\wwwroot\thinkCms\ThinkPHP\Lib\Think\Db\Driver\DbMysql.class.php (114) Db->initConnect()
[11-05-28 19:38:05] D:\web\liuyang\wwwroot\thinkCms\ThinkPHP\Lib\Think\Db\Driver\DbMysql.class.php (355) DbMysql->_query()
[11-05-28 19:38:05] D:\web\liuyang\wwwroot\thinkCms\Admin\Temp\~runtime.php (9) DbMysql->getFields(SHOW COLUMNS FROM thinkcms_member)
[11-05-28 19:38:05] D:\web\liuyang\wwwroot\thinkCms\Admin\Temp\~runtime.php (9) Model->flush(thinkcms_member)
[11-05-28 19:38:05] D:\web\liuyang\wwwroot\thinkCms\Admin\Temp\~runtime.php (9) Model->_checkTableInfo()
[11-05-28 19:38:05] D:\web\liuyang\wwwroot\thinkCms\Admin\Temp\~runtime.php (3) Model->__construct()
[11-05-28 19:38:05] D:\web\liuyang\wwwroot\thinkCms\Admin\Lib\Action\PublicAction.class.php (33) D()
[11-05-28 19:38:05] D:\web\liuyang\wwwroot\thinkCms\Admin\Temp\~runtime.php (7) PublicAction->checkLogin()
[11-05-28 19:38:05] D:\web\liuyang\wwwroot\thinkCms\Admin\Temp\~runtime.php (7) App->exec(Member)
[11-05-28 19:38:05] D:\web\liuyang\wwwroot\thinkCms\admin.php (18) App->run()

[ 11-05-28 19:42:06 ]

错误信息：[ Admin Public checkLogin ]Access denied for user 'root'@'localhost' (using password: YES)
错误页面：/thinkCms/thinkCms/admin.php
错误类型：ThinkException
错误跟踪：
[11-05-28 19:42:05] D:\web\liuyang\wwwroot\thinkCms\ThinkPHP\Lib\Think\Db\Db.class.php (267) DbMysql->connect(Access denied for user 'root'@'localhost' (using password: YES))
[11-05-28 19:42:05] D:\web\liuyang\wwwroot\thinkCms\ThinkPHP\Lib\Think\Db\Driver\DbMysql.class.php (114) Db->initConnect()
[11-05-28 19:42:05] D:\web\liuyang\wwwroot\thinkCms\ThinkPHP\Lib\Think\Db\Driver\DbMysql.class.php (355) DbMysql->_query()
[11-05-28 19:42:05] D:\web\liuyang\wwwroot\thinkCms\Admin\Temp\~runtime.php (9) DbMysql->getFields(SHOW COLUMNS FROM thinkcms_member)
[11-05-28 19:42:05] D:\web\liuyang\wwwroot\thinkCms\Admin\Temp\~runtime.php (9) Model->flush(thinkcms_member)
[11-05-28 19:42:05] D:\web\liuyang\wwwroot\thinkCms\Admin\Temp\~runtime.php (9) Model->_checkTableInfo()
[11-05-28 19:42:05] D:\web\liuyang\wwwroot\thinkCms\Admin\Temp\~runtime.php (3) Model->__construct()
[11-05-28 19:42:05] D:\web\liuyang\wwwroot\thinkCms\Admin\Lib\Action\PublicAction.class.php (33) D()
[11-05-28 19:42:05] D:\web\liuyang\wwwroot\thinkCms\Admin\Temp\~runtime.php (7) PublicAction->checkLogin()
[11-05-28 19:42:05] D:\web\liuyang\wwwroot\thinkCms\Admin\Temp\~runtime.php (7) App->exec(Member)
[11-05-28 19:42:05] D:\web\liuyang\wwwroot\thinkCms\admin.php (18) App->run()

[ 11-05-28 19:42:11 ]

错误信息：[ Admin Public checkLogin ]Access denied for user 'root'@'localhost' (using password: YES)
错误页面：/thinkCms/thinkCms/admin.php
错误类型：ThinkException
错误跟踪：
[11-05-28 19:42:05] D:\web\liuyang\wwwroot\thinkCms\ThinkPHP\Lib\Think\Db\Db.class.php (267) DbMysql->connect(Access denied for user 'root'@'localhost' (using password: YES))
[11-05-28 19:42:05] D:\web\liuyang\wwwroot\thinkCms\ThinkPHP\Lib\Think\Db\Driver\DbMysql.class.php (114) Db->initConnect()
[11-05-28 19:42:05] D:\web\liuyang\wwwroot\thinkCms\ThinkPHP\Lib\Think\Db\Driver\DbMysql.class.php (355) DbMysql->_query()
[11-05-28 19:42:05] D:\web\liuyang\wwwroot\thinkCms\Admin\Temp\~runtime.php (9) DbMysql->getFields(SHOW COLUMNS FROM thinkcms_member)
[11-05-28 19:42:05] D:\web\liuyang\wwwroot\thinkCms\Admin\Temp\~runtime.php (9) Model->flush(thinkcms_member)
[11-05-28 19:42:05] D:\web\liuyang\wwwroot\thinkCms\Admin\Temp\~runtime.php (9) Model->_checkTableInfo()
[11-05-28 19:42:05] D:\web\liuyang\wwwroot\thinkCms\Admin\Temp\~runtime.php (3) Model->__construct()
[11-05-28 19:42:05] D:\web\liuyang\wwwroot\thinkCms\Admin\Lib\Action\PublicAction.class.php (33) D()
[11-05-28 19:42:05] D:\web\liuyang\wwwroot\thinkCms\Admin\Temp\~runtime.php (7) PublicAction->checkLogin()
[11-05-28 19:42:05] D:\web\liuyang\wwwroot\thinkCms\Admin\Temp\~runtime.php (7) App->exec(Member)
[11-05-28 19:42:05] D:\web\liuyang\wwwroot\thinkCms\admin.php (18) App->run()

